[37m2023-06-11T15:03:48.702+0530[0;39m [34mINFO [0;39m [[36mtraceId: [0;39m] [[36msourceIp: [0;39m] [[36muserId: [0;39m] [[32mrestartedMain[0;39m] [33mc.b.e.ElectronicstoreApplication[0;39m::[35m?[0;39m: - Starting ElectronicstoreApplication using Java 17.0.4.1 on DESKTOP-R7HPKQL with PID 6924 (C:\Users\DELL\Desktop\dpr2\electronicstore\target\classes started by DELL in C:\Users\DELL\Desktop\dpr2\electronicstore)
[37m2023-06-11T15:03:48.705+0530[0;39m [39mDEBUG[0;39m [[36mtraceId: [0;39m] [[36msourceIp: [0;39m] [[36muserId: [0;39m] [[32mrestartedMain[0;39m] [33mc.b.e.ElectronicstoreApplication[0;39m::[35m?[0;39m: - Running with Spring Boot v2.7.10, Spring v5.3.26
[37m2023-06-11T15:03:48.706+0530[0;39m [34mINFO [0;39m [[36mtraceId: [0;39m] [[36msourceIp: [0;39m] [[36muserId: [0;39m] [[32mbackground-preinit[0;39m] [33mo.h.v.i.util.Version[0;39m::[35m?[0;39m: - HV000001: Hibernate Validator 6.2.5.Final
[37m2023-06-11T15:03:48.706+0530[0;39m [34mINFO [0;39m [[36mtraceId: [0;39m] [[36msourceIp: [0;39m] [[36muserId: [0;39m] [[32mrestartedMain[0;39m] [33mc.b.e.ElectronicstoreApplication[0;39m::[35m?[0;39m: - The following 1 profile is active: "dev"
[37m2023-06-11T15:03:49.643+0530[0;39m [34mINFO [0;39m [[36mtraceId: [0;39m] [[36msourceIp: [0;39m] [[36muserId: [0;39m] [[32mrestartedMain[0;39m] [33mo.s.b.d.e.DevToolsPropertyDefaultsPostProcessor[0;39m::[35m?[0;39m: - Devtools property defaults active! Set 'spring.devtools.add-properties' to 'false' to disable
[37m2023-06-11T15:03:49.643+0530[0;39m [34mINFO [0;39m [[36mtraceId: [0;39m] [[36msourceIp: [0;39m] [[36muserId: [0;39m] [[32mrestartedMain[0;39m] [33mo.s.b.d.e.DevToolsPropertyDefaultsPostProcessor[0;39m::[35m?[0;39m: - For additional web related logging consider setting the 'logging.level.web' property to 'DEBUG'
[37m2023-06-11T15:03:58.867+0530[0;39m [34mINFO [0;39m [[36mtraceId: [0;39m] [[36msourceIp: [0;39m] [[36muserId: [0;39m] [[32mrestartedMain[0;39m] [33mo.s.d.r.c.RepositoryConfigurationDelegate[0;39m::[35m?[0;39m: - Bootstrapping Spring Data JPA repositories in DEFAULT mode.
[37m2023-06-11T15:03:59.281+0530[0;39m [34mINFO [0;39m [[36mtraceId: [0;39m] [[36msourceIp: [0;39m] [[36muserId: [0;39m] [[32mrestartedMain[0;39m] [33mo.s.d.r.c.RepositoryConfigurationDelegate[0;39m::[35m?[0;39m: - Finished Spring Data repository scanning in 319 ms. Found 1 JPA repository interfaces.
[37m2023-06-11T15:04:03.747+0530[0;39m [34mINFO [0;39m [[36mtraceId: [0;39m] [[36msourceIp: [0;39m] [[36muserId: [0;39m] [[32mrestartedMain[0;39m] [33mo.s.b.w.e.t.TomcatWebServer[0;39m::[35m?[0;39m: - Tomcat initialized with port(s): 9090 (http)
[37m2023-06-11T15:04:03.894+0530[0;39m [34mINFO [0;39m [[36mtraceId: [0;39m] [[36msourceIp: [0;39m] [[36muserId: [0;39m] [[32mrestartedMain[0;39m] [33mo.a.c.h.Http11NioProtocol[0;39m::[35m?[0;39m: - Initializing ProtocolHandler ["http-nio-9090"]
[37m2023-06-11T15:04:03.895+0530[0;39m [34mINFO [0;39m [[36mtraceId: [0;39m] [[36msourceIp: [0;39m] [[36muserId: [0;39m] [[32mrestartedMain[0;39m] [33mo.a.c.c.StandardService[0;39m::[35m?[0;39m: - Starting service [Tomcat]
[37m2023-06-11T15:04:03.896+0530[0;39m [34mINFO [0;39m [[36mtraceId: [0;39m] [[36msourceIp: [0;39m] [[36muserId: [0;39m] [[32mrestartedMain[0;39m] [33mo.a.c.c.StandardEngine[0;39m::[35m?[0;39m: - Starting Servlet engine: [Apache Tomcat/9.0.73]
[37m2023-06-11T15:04:04.760+0530[0;39m [34mINFO [0;39m [[36mtraceId: [0;39m] [[36msourceIp: [0;39m] [[36muserId: [0;39m] [[32mrestartedMain[0;39m] [33mo.a.c.c.C.[.[.[/][0;39m::[35m?[0;39m: - Initializing Spring embedded WebApplicationContext
[37m2023-06-11T15:04:04.760+0530[0;39m [34mINFO [0;39m [[36mtraceId: [0;39m] [[36msourceIp: [0;39m] [[36muserId: [0;39m] [[32mrestartedMain[0;39m] [33mo.s.b.w.s.c.ServletWebServerApplicationContext[0;39m::[35m?[0;39m: - Root WebApplicationContext: initialization completed in 15112 ms
[37m2023-06-11T15:04:05.211+0530[0;39m [39mDEBUG[0;39m [[36mtraceId: [0;39m] [[36msourceIp: [0;39m] [[36muserId: [0;39m] [[32mrestartedMain[0;39m] [33mc.z.h.HikariConfig[0;39m::[35m?[0;39m: - Driver class com.mysql.cj.jdbc.Driver found in Thread context class loader org.springframework.boot.devtools.restart.classloader.RestartClassLoader@6df962dd
[37m2023-06-11T15:04:05.744+0530[0;39m [34mINFO [0;39m [[36mtraceId: [0;39m] [[36msourceIp: [0;39m] [[36muserId: [0;39m] [[32mrestartedMain[0;39m] [33mo.h.j.i.u.LogHelper[0;39m::[35m?[0;39m: - HHH000204: Processing PersistenceUnitInfo [name: default]
[37m2023-06-11T15:04:06.059+0530[0;39m [34mINFO [0;39m [[36mtraceId: [0;39m] [[36msourceIp: [0;39m] [[36muserId: [0;39m] [[32mrestartedMain[0;39m] [33mo.hibernate.Version[0;39m::[35m?[0;39m: - HHH000412: Hibernate ORM core version 5.6.15.Final
[37m2023-06-11T15:04:06.653+0530[0;39m [34mINFO [0;39m [[36mtraceId: [0;39m] [[36msourceIp: [0;39m] [[36muserId: [0;39m] [[32mrestartedMain[0;39m] [33mo.h.a.common.Version[0;39m::[35m?[0;39m: - HCANN000001: Hibernate Commons Annotations {5.1.2.Final}
[37m2023-06-11T15:04:07.112+0530[0;39m [39mDEBUG[0;39m [[36mtraceId: [0;39m] [[36msourceIp: [0;39m] [[36muserId: [0;39m] [[32mrestartedMain[0;39m] [33mc.z.h.HikariConfig[0;39m::[35m?[0;39m: - HikariPool-1 - configuration:
[37m2023-06-11T15:04:07.132+0530[0;39m [39mDEBUG[0;39m [[36mtraceId: [0;39m] [[36msourceIp: [0;39m] [[36muserId: [0;39m] [[32mrestartedMain[0;39m] [33mc.z.h.HikariConfig[0;39m::[35m?[0;39m: - allowPoolSuspension................................false
[37m2023-06-11T15:04:07.133+0530[0;39m [39mDEBUG[0;39m [[36mtraceId: [0;39m] [[36msourceIp: [0;39m] [[36muserId: [0;39m] [[32mrestartedMain[0;39m] [33mc.z.h.HikariConfig[0;39m::[35m?[0;39m: - autoCommit................................true
[37m2023-06-11T15:04:07.133+0530[0;39m [39mDEBUG[0;39m [[36mtraceId: [0;39m] [[36msourceIp: [0;39m] [[36muserId: [0;39m] [[32mrestartedMain[0;39m] [33mc.z.h.HikariConfig[0;39m::[35m?[0;39m: - catalog................................none
[37m2023-06-11T15:04:07.133+0530[0;39m [39mDEBUG[0;39m [[36mtraceId: [0;39m] [[36msourceIp: [0;39m] [[36muserId: [0;39m] [[32mrestartedMain[0;39m] [33mc.z.h.HikariConfig[0;39m::[35m?[0;39m: - connectionInitSql................................none
[37m2023-06-11T15:04:07.133+0530[0;39m [39mDEBUG[0;39m [[36mtraceId: [0;39m] [[36msourceIp: [0;39m] [[36muserId: [0;39m] [[32mrestartedMain[0;39m] [33mc.z.h.HikariConfig[0;39m::[35m?[0;39m: - connectionTestQuery................................none
[37m2023-06-11T15:04:07.133+0530[0;39m [39mDEBUG[0;39m [[36mtraceId: [0;39m] [[36msourceIp: [0;39m] [[36muserId: [0;39m] [[32mrestartedMain[0;39m] [33mc.z.h.HikariConfig[0;39m::[35m?[0;39m: - connectionTimeout................................30000
[37m2023-06-11T15:04:07.133+0530[0;39m [39mDEBUG[0;39m [[36mtraceId: [0;39m] [[36msourceIp: [0;39m] [[36muserId: [0;39m] [[32mrestartedMain[0;39m] [33mc.z.h.HikariConfig[0;39m::[35m?[0;39m: - dataSource................................none
[37m2023-06-11T15:04:07.133+0530[0;39m [39mDEBUG[0;39m [[36mtraceId: [0;39m] [[36msourceIp: [0;39m] [[36muserId: [0;39m] [[32mrestartedMain[0;39m] [33mc.z.h.HikariConfig[0;39m::[35m?[0;39m: - dataSourceClassName................................none
[37m2023-06-11T15:04:07.134+0530[0;39m [39mDEBUG[0;39m [[36mtraceId: [0;39m] [[36msourceIp: [0;39m] [[36muserId: [0;39m] [[32mrestartedMain[0;39m] [33mc.z.h.HikariConfig[0;39m::[35m?[0;39m: - dataSourceJNDI................................none
[37m2023-06-11T15:04:07.135+0530[0;39m [39mDEBUG[0;39m [[36mtraceId: [0;39m] [[36msourceIp: [0;39m] [[36muserId: [0;39m] [[32mrestartedMain[0;39m] [33mc.z.h.HikariConfig[0;39m::[35m?[0;39m: - dataSourceProperties................................{password=<masked>}
[37m2023-06-11T15:04:07.135+0530[0;39m [39mDEBUG[0;39m [[36mtraceId: [0;39m] [[36msourceIp: [0;39m] [[36muserId: [0;39m] [[32mrestartedMain[0;39m] [33mc.z.h.HikariConfig[0;39m::[35m?[0;39m: - driverClassName................................"com.mysql.cj.jdbc.Driver"
[37m2023-06-11T15:04:07.136+0530[0;39m [39mDEBUG[0;39m [[36mtraceId: [0;39m] [[36msourceIp: [0;39m] [[36muserId: [0;39m] [[32mrestartedMain[0;39m] [33mc.z.h.HikariConfig[0;39m::[35m?[0;39m: - exceptionOverrideClassName................................none
[37m2023-06-11T15:04:07.142+0530[0;39m [39mDEBUG[0;39m [[36mtraceId: [0;39m] [[36msourceIp: [0;39m] [[36muserId: [0;39m] [[32mrestartedMain[0;39m] [33mc.z.h.HikariConfig[0;39m::[35m?[0;39m: - healthCheckProperties................................{}
[37m2023-06-11T15:04:07.142+0530[0;39m [39mDEBUG[0;39m [[36mtraceId: [0;39m] [[36msourceIp: [0;39m] [[36muserId: [0;39m] [[32mrestartedMain[0;39m] [33mc.z.h.HikariConfig[0;39m::[35m?[0;39m: - healthCheckRegistry................................none
[37m2023-06-11T15:04:07.142+0530[0;39m [39mDEBUG[0;39m [[36mtraceId: [0;39m] [[36msourceIp: [0;39m] [[36muserId: [0;39m] [[32mrestartedMain[0;39m] [33mc.z.h.HikariConfig[0;39m::[35m?[0;39m: - idleTimeout................................600000
[37m2023-06-11T15:04:07.142+0530[0;39m [39mDEBUG[0;39m [[36mtraceId: [0;39m] [[36msourceIp: [0;39m] [[36muserId: [0;39m] [[32mrestartedMain[0;39m] [33mc.z.h.HikariConfig[0;39m::[35m?[0;39m: - initializationFailTimeout................................1
[37m2023-06-11T15:04:07.143+0530[0;39m [39mDEBUG[0;39m [[36mtraceId: [0;39m] [[36msourceIp: [0;39m] [[36muserId: [0;39m] [[32mrestartedMain[0;39m] [33mc.z.h.HikariConfig[0;39m::[35m?[0;39m: - isolateInternalQueries................................false
[37m2023-06-11T15:04:07.143+0530[0;39m [39mDEBUG[0;39m [[36mtraceId: [0;39m] [[36msourceIp: [0;39m] [[36muserId: [0;39m] [[32mrestartedMain[0;39m] [33mc.z.h.HikariConfig[0;39m::[35m?[0;39m: - jdbcUrl................................jdbc:mysql://localhost:3306/electronic_store
[37m2023-06-11T15:04:07.148+0530[0;39m [39mDEBUG[0;39m [[36mtraceId: [0;39m] [[36msourceIp: [0;39m] [[36muserId: [0;39m] [[32mrestartedMain[0;39m] [33mc.z.h.HikariConfig[0;39m::[35m?[0;39m: - keepaliveTime................................0
[37m2023-06-11T15:04:07.148+0530[0;39m [39mDEBUG[0;39m [[36mtraceId: [0;39m] [[36msourceIp: [0;39m] [[36muserId: [0;39m] [[32mrestartedMain[0;39m] [33mc.z.h.HikariConfig[0;39m::[35m?[0;39m: - leakDetectionThreshold................................0
[37m2023-06-11T15:04:07.167+0530[0;39m [39mDEBUG[0;39m [[36mtraceId: [0;39m] [[36msourceIp: [0;39m] [[36muserId: [0;39m] [[32mrestartedMain[0;39m] [33mc.z.h.HikariConfig[0;39m::[35m?[0;39m: - maxLifetime................................1800000
[37m2023-06-11T15:04:07.167+0530[0;39m [39mDEBUG[0;39m [[36mtraceId: [0;39m] [[36msourceIp: [0;39m] [[36muserId: [0;39m] [[32mrestartedMain[0;39m] [33mc.z.h.HikariConfig[0;39m::[35m?[0;39m: - maximumPoolSize................................10
[37m2023-06-11T15:04:07.168+0530[0;39m [39mDEBUG[0;39m [[36mtraceId: [0;39m] [[36msourceIp: [0;39m] [[36muserId: [0;39m] [[32mrestartedMain[0;39m] [33mc.z.h.HikariConfig[0;39m::[35m?[0;39m: - metricRegistry................................none
[37m2023-06-11T15:04:07.168+0530[0;39m [39mDEBUG[0;39m [[36mtraceId: [0;39m] [[36msourceIp: [0;39m] [[36muserId: [0;39m] [[32mrestartedMain[0;39m] [33mc.z.h.HikariConfig[0;39m::[35m?[0;39m: - metricsTrackerFactory................................none
[37m2023-06-11T15:04:07.168+0530[0;39m [39mDEBUG[0;39m [[36mtraceId: [0;39m] [[36msourceIp: [0;39m] [[36muserId: [0;39m] [[32mrestartedMain[0;39m] [33mc.z.h.HikariConfig[0;39m::[35m?[0;39m: - minimumIdle................................10
[37m2023-06-11T15:04:07.168+0530[0;39m [39mDEBUG[0;39m [[36mtraceId: [0;39m] [[36msourceIp: [0;39m] [[36muserId: [0;39m] [[32mrestartedMain[0;39m] [33mc.z.h.HikariConfig[0;39m::[35m?[0;39m: - password................................<masked>
[37m2023-06-11T15:04:07.168+0530[0;39m [39mDEBUG[0;39m [[36mtraceId: [0;39m] [[36msourceIp: [0;39m] [[36muserId: [0;39m] [[32mrestartedMain[0;39m] [33mc.z.h.HikariConfig[0;39m::[35m?[0;39m: - poolName................................"HikariPool-1"
[37m2023-06-11T15:04:07.168+0530[0;39m [39mDEBUG[0;39m [[36mtraceId: [0;39m] [[36msourceIp: [0;39m] [[36muserId: [0;39m] [[32mrestartedMain[0;39m] [33mc.z.h.HikariConfig[0;39m::[35m?[0;39m: - readOnly................................false
[37m2023-06-11T15:04:07.168+0530[0;39m [39mDEBUG[0;39m [[36mtraceId: [0;39m] [[36msourceIp: [0;39m] [[36muserId: [0;39m] [[32mrestartedMain[0;39m] [33mc.z.h.HikariConfig[0;39m::[35m?[0;39m: - registerMbeans................................false
[37m2023-06-11T15:04:07.168+0530[0;39m [39mDEBUG[0;39m [[36mtraceId: [0;39m] [[36msourceIp: [0;39m] [[36muserId: [0;39m] [[32mrestartedMain[0;39m] [33mc.z.h.HikariConfig[0;39m::[35m?[0;39m: - scheduledExecutor................................none
[37m2023-06-11T15:04:07.169+0530[0;39m [39mDEBUG[0;39m [[36mtraceId: [0;39m] [[36msourceIp: [0;39m] [[36muserId: [0;39m] [[32mrestartedMain[0;39m] [33mc.z.h.HikariConfig[0;39m::[35m?[0;39m: - schema................................none
[37m2023-06-11T15:04:07.169+0530[0;39m [39mDEBUG[0;39m [[36mtraceId: [0;39m] [[36msourceIp: [0;39m] [[36muserId: [0;39m] [[32mrestartedMain[0;39m] [33mc.z.h.HikariConfig[0;39m::[35m?[0;39m: - threadFactory................................internal
[37m2023-06-11T15:04:07.169+0530[0;39m [39mDEBUG[0;39m [[36mtraceId: [0;39m] [[36msourceIp: [0;39m] [[36muserId: [0;39m] [[32mrestartedMain[0;39m] [33mc.z.h.HikariConfig[0;39m::[35m?[0;39m: - transactionIsolation................................default
[37m2023-06-11T15:04:07.169+0530[0;39m [39mDEBUG[0;39m [[36mtraceId: [0;39m] [[36msourceIp: [0;39m] [[36muserId: [0;39m] [[32mrestartedMain[0;39m] [33mc.z.h.HikariConfig[0;39m::[35m?[0;39m: - username................................"root"
[37m2023-06-11T15:04:07.169+0530[0;39m [39mDEBUG[0;39m [[36mtraceId: [0;39m] [[36msourceIp: [0;39m] [[36muserId: [0;39m] [[32mrestartedMain[0;39m] [33mc.z.h.HikariConfig[0;39m::[35m?[0;39m: - validationTimeout................................5000
[37m2023-06-11T15:04:07.169+0530[0;39m [34mINFO [0;39m [[36mtraceId: [0;39m] [[36msourceIp: [0;39m] [[36muserId: [0;39m] [[32mrestartedMain[0;39m] [33mc.z.h.HikariDataSource[0;39m::[35m?[0;39m: - HikariPool-1 - Starting...
[37m2023-06-11T15:04:14.162+0530[0;39m [39mDEBUG[0;39m [[36mtraceId: [0;39m] [[36msourceIp: [0;39m] [[36muserId: [0;39m] [[32mrestartedMain[0;39m] [33mc.z.h.p.HikariPool[0;39m::[35m?[0;39m: - HikariPool-1 - Added connection com.mysql.cj.jdbc.ConnectionImpl@37af71fd
[37m2023-06-11T15:04:14.164+0530[0;39m [34mINFO [0;39m [[36mtraceId: [0;39m] [[36msourceIp: [0;39m] [[36muserId: [0;39m] [[32mrestartedMain[0;39m] [33mc.z.h.HikariDataSource[0;39m::[35m?[0;39m: - HikariPool-1 - Start completed.
[37m2023-06-11T15:04:14.262+0530[0;39m [34mINFO [0;39m [[36mtraceId: [0;39m] [[36msourceIp: [0;39m] [[36muserId: [0;39m] [[32mrestartedMain[0;39m] [33mo.h.dialect.Dialect[0;39m::[35m?[0;39m: - HHH000400: Using dialect: org.hibernate.dialect.MySQL8Dialect
[37m2023-06-11T15:04:14.278+0530[0;39m [39mDEBUG[0;39m [[36mtraceId: [0;39m] [[36msourceIp: [0;39m] [[36muserId: [0;39m] [[32mHikariPool-1 housekeeper[0;39m] [33mc.z.h.p.HikariPool[0;39m::[35m?[0;39m: - HikariPool-1 - Pool stats (total=1, active=1, idle=0, waiting=0)
[37m2023-06-11T15:04:14.471+0530[0;39m [39mDEBUG[0;39m [[36mtraceId: [0;39m] [[36msourceIp: [0;39m] [[36muserId: [0;39m] [[32mHikariPool-1 connection adder[0;39m] [33mc.z.h.p.HikariPool[0;39m::[35m?[0;39m: - HikariPool-1 - Added connection com.mysql.cj.jdbc.ConnectionImpl@371a1846
[37m2023-06-11T15:04:14.654+0530[0;39m [39mDEBUG[0;39m [[36mtraceId: [0;39m] [[36msourceIp: [0;39m] [[36muserId: [0;39m] [[32mHikariPool-1 connection adder[0;39m] [33mc.z.h.p.HikariPool[0;39m::[35m?[0;39m: - HikariPool-1 - Added connection com.mysql.cj.jdbc.ConnectionImpl@5735e709
[37m2023-06-11T15:04:14.826+0530[0;39m [39mDEBUG[0;39m [[36mtraceId: [0;39m] [[36msourceIp: [0;39m] [[36muserId: [0;39m] [[32mHikariPool-1 connection adder[0;39m] [33mc.z.h.p.HikariPool[0;39m::[35m?[0;39m: - HikariPool-1 - Added connection com.mysql.cj.jdbc.ConnectionImpl@4bef5260
[37m2023-06-11T15:04:14.936+0530[0;39m [39mDEBUG[0;39m [[36mtraceId: [0;39m] [[36msourceIp: [0;39m] [[36muserId: [0;39m] [[32mHikariPool-1 connection adder[0;39m] [33mc.z.h.p.HikariPool[0;39m::[35m?[0;39m: - HikariPool-1 - Added connection com.mysql.cj.jdbc.ConnectionImpl@537b5c9d
[37m2023-06-11T15:04:15.067+0530[0;39m [39mDEBUG[0;39m [[36mtraceId: [0;39m] [[36msourceIp: [0;39m] [[36muserId: [0;39m] [[32mHikariPool-1 connection adder[0;39m] [33mc.z.h.p.HikariPool[0;39m::[35m?[0;39m: - HikariPool-1 - Added connection com.mysql.cj.jdbc.ConnectionImpl@22ca9536
[37m2023-06-11T15:04:15.152+0530[0;39m [39mDEBUG[0;39m [[36mtraceId: [0;39m] [[36msourceIp: [0;39m] [[36muserId: [0;39m] [[32mHikariPool-1 connection adder[0;39m] [33mc.z.h.p.HikariPool[0;39m::[35m?[0;39m: - HikariPool-1 - Added connection com.mysql.cj.jdbc.ConnectionImpl@77544aff
[37m2023-06-11T15:04:15.288+0530[0;39m [39mDEBUG[0;39m [[36mtraceId: [0;39m] [[36msourceIp: [0;39m] [[36muserId: [0;39m] [[32mHikariPool-1 connection adder[0;39m] [33mc.z.h.p.HikariPool[0;39m::[35m?[0;39m: - HikariPool-1 - Added connection com.mysql.cj.jdbc.ConnectionImpl@172a4c2b
[37m2023-06-11T15:04:15.422+0530[0;39m [39mDEBUG[0;39m [[36mtraceId: [0;39m] [[36msourceIp: [0;39m] [[36muserId: [0;39m] [[32mHikariPool-1 connection adder[0;39m] [33mc.z.h.p.HikariPool[0;39m::[35m?[0;39m: - HikariPool-1 - Added connection com.mysql.cj.jdbc.ConnectionImpl@4b0ac841
[37m2023-06-11T15:04:15.556+0530[0;39m [39mDEBUG[0;39m [[36mtraceId: [0;39m] [[36msourceIp: [0;39m] [[36muserId: [0;39m] [[32mHikariPool-1 connection adder[0;39m] [33mc.z.h.p.HikariPool[0;39m::[35m?[0;39m: - HikariPool-1 - Added connection com.mysql.cj.jdbc.ConnectionImpl@2bf46bd4
[37m2023-06-11T15:04:15.556+0530[0;39m [39mDEBUG[0;39m [[36mtraceId: [0;39m] [[36msourceIp: [0;39m] [[36muserId: [0;39m] [[32mHikariPool-1 connection adder[0;39m] [33mc.z.h.p.HikariPool[0;39m::[35m?[0;39m: - HikariPool-1 - After adding stats (total=10, active=0, idle=10, waiting=0)
[37m2023-06-11T15:04:18.428+0530[0;39m [34mINFO [0;39m [[36mtraceId: [0;39m] [[36msourceIp: [0;39m] [[36muserId: [0;39m] [[32mrestartedMain[0;39m] [33mo.h.e.t.j.p.i.JtaPlatformInitiator[0;39m::[35m?[0;39m: - HHH000490: Using JtaPlatform implementation: [org.hibernate.engine.transaction.jta.platform.internal.NoJtaPlatform]
[37m2023-06-11T15:04:18.469+0530[0;39m [34mINFO [0;39m [[36mtraceId: [0;39m] [[36msourceIp: [0;39m] [[36muserId: [0;39m] [[32mrestartedMain[0;39m] [33mo.s.o.j.LocalContainerEntityManagerFactoryBean[0;39m::[35m?[0;39m: - Initialized JPA EntityManagerFactory for persistence unit 'default'
[37m2023-06-11T15:04:20.474+0530[0;39m [31mWARN [0;39m [[36mtraceId: [0;39m] [[36msourceIp: [0;39m] [[36muserId: [0;39m] [[32mrestartedMain[0;39m] [33mo.s.b.a.o.j.JpaBaseConfiguration$JpaWebConfiguration[0;39m::[35m?[0;39m: - spring.jpa.open-in-view is enabled by default. Therefore, database queries may be performed during view rendering. Explicitly configure spring.jpa.open-in-view to disable this warning
[37m2023-06-11T15:04:21.727+0530[0;39m [34mINFO [0;39m [[36mtraceId: [0;39m] [[36msourceIp: [0;39m] [[36muserId: [0;39m] [[32mrestartedMain[0;39m] [33mo.s.b.d.a.OptionalLiveReloadServer[0;39m::[35m?[0;39m: - LiveReload server is running on port 35729
[37m2023-06-11T15:04:21.758+0530[0;39m [34mINFO [0;39m [[36mtraceId: [0;39m] [[36msourceIp: [0;39m] [[36muserId: [0;39m] [[32mrestartedMain[0;39m] [33mo.a.c.h.Http11NioProtocol[0;39m::[35m?[0;39m: - Starting ProtocolHandler ["http-nio-9090"]
[37m2023-06-11T15:04:21.892+0530[0;39m [34mINFO [0;39m [[36mtraceId: [0;39m] [[36msourceIp: [0;39m] [[36muserId: [0;39m] [[32mrestartedMain[0;39m] [33mo.s.b.w.e.t.TomcatWebServer[0;39m::[35m?[0;39m: - Tomcat started on port(s): 9090 (http) with context path ''
[37m2023-06-11T15:04:21.911+0530[0;39m [34mINFO [0;39m [[36mtraceId: [0;39m] [[36msourceIp: [0;39m] [[36muserId: [0;39m] [[32mrestartedMain[0;39m] [33mc.b.e.ElectronicstoreApplication[0;39m::[35m?[0;39m: - Started ElectronicstoreApplication in 37.527 seconds (JVM running for 39.89)
[37m2023-06-11T15:04:44.283+0530[0;39m [39mDEBUG[0;39m [[36mtraceId: [0;39m] [[36msourceIp: [0;39m] [[36muserId: [0;39m] [[32mHikariPool-1 housekeeper[0;39m] [33mc.z.h.p.HikariPool[0;39m::[35m?[0;39m: - HikariPool-1 - Pool stats (total=10, active=0, idle=10, waiting=0)
[37m2023-06-11T15:04:44.283+0530[0;39m [39mDEBUG[0;39m [[36mtraceId: [0;39m] [[36msourceIp: [0;39m] [[36muserId: [0;39m] [[32mHikariPool-1 housekeeper[0;39m] [33mc.z.h.p.HikariPool[0;39m::[35m?[0;39m: - HikariPool-1 - Fill pool skipped, pool is at sufficient level.
[37m2023-06-11T15:05:14.292+0530[0;39m [39mDEBUG[0;39m [[36mtraceId: [0;39m] [[36msourceIp: [0;39m] [[36muserId: [0;39m] [[32mHikariPool-1 housekeeper[0;39m] [33mc.z.h.p.HikariPool[0;39m::[35m?[0;39m: - HikariPool-1 - Pool stats (total=10, active=0, idle=10, waiting=0)
[37m2023-06-11T15:05:14.292+0530[0;39m [39mDEBUG[0;39m [[36mtraceId: [0;39m] [[36msourceIp: [0;39m] [[36muserId: [0;39m] [[32mHikariPool-1 housekeeper[0;39m] [33mc.z.h.p.HikariPool[0;39m::[35m?[0;39m: - HikariPool-1 - Fill pool skipped, pool is at sufficient level.
[37m2023-06-11T15:05:44.306+0530[0;39m [39mDEBUG[0;39m [[36mtraceId: [0;39m] [[36msourceIp: [0;39m] [[36muserId: [0;39m] [[32mHikariPool-1 housekeeper[0;39m] [33mc.z.h.p.HikariPool[0;39m::[35m?[0;39m: - HikariPool-1 - Pool stats (total=10, active=0, idle=10, waiting=0)
[37m2023-06-11T15:05:44.308+0530[0;39m [39mDEBUG[0;39m [[36mtraceId: [0;39m] [[36msourceIp: [0;39m] [[36muserId: [0;39m] [[32mHikariPool-1 housekeeper[0;39m] [33mc.z.h.p.HikariPool[0;39m::[35m?[0;39m: - HikariPool-1 - Fill pool skipped, pool is at sufficient level.
[37m2023-06-11T15:06:14.313+0530[0;39m [39mDEBUG[0;39m [[36mtraceId: [0;39m] [[36msourceIp: [0;39m] [[36muserId: [0;39m] [[32mHikariPool-1 housekeeper[0;39m] [33mc.z.h.p.HikariPool[0;39m::[35m?[0;39m: - HikariPool-1 - Pool stats (total=10, active=0, idle=10, waiting=0)
[37m2023-06-11T15:06:14.313+0530[0;39m [39mDEBUG[0;39m [[36mtraceId: [0;39m] [[36msourceIp: [0;39m] [[36muserId: [0;39m] [[32mHikariPool-1 housekeeper[0;39m] [33mc.z.h.p.HikariPool[0;39m::[35m?[0;39m: - HikariPool-1 - Fill pool skipped, pool is at sufficient level.
[37m2023-06-11T15:06:44.330+0530[0;39m [39mDEBUG[0;39m [[36mtraceId: [0;39m] [[36msourceIp: [0;39m] [[36muserId: [0;39m] [[32mHikariPool-1 housekeeper[0;39m] [33mc.z.h.p.HikariPool[0;39m::[35m?[0;39m: - HikariPool-1 - Pool stats (total=10, active=0, idle=10, waiting=0)
[37m2023-06-11T15:06:44.333+0530[0;39m [39mDEBUG[0;39m [[36mtraceId: [0;39m] [[36msourceIp: [0;39m] [[36muserId: [0;39m] [[32mHikariPool-1 housekeeper[0;39m] [33mc.z.h.p.HikariPool[0;39m::[35m?[0;39m: - HikariPool-1 - Fill pool skipped, pool is at sufficient level.
[37m2023-06-11T15:07:14.344+0530[0;39m [39mDEBUG[0;39m [[36mtraceId: [0;39m] [[36msourceIp: [0;39m] [[36muserId: [0;39m] [[32mHikariPool-1 housekeeper[0;39m] [33mc.z.h.p.HikariPool[0;39m::[35m?[0;39m: - HikariPool-1 - Pool stats (total=10, active=0, idle=10, waiting=0)
[37m2023-06-11T15:07:14.344+0530[0;39m [39mDEBUG[0;39m [[36mtraceId: [0;39m] [[36msourceIp: [0;39m] [[36muserId: [0;39m] [[32mHikariPool-1 housekeeper[0;39m] [33mc.z.h.p.HikariPool[0;39m::[35m?[0;39m: - HikariPool-1 - Fill pool skipped, pool is at sufficient level.
[37m2023-06-11T15:07:44.352+0530[0;39m [39mDEBUG[0;39m [[36mtraceId: [0;39m] [[36msourceIp: [0;39m] [[36muserId: [0;39m] [[32mHikariPool-1 housekeeper[0;39m] [33mc.z.h.p.HikariPool[0;39m::[35m?[0;39m: - HikariPool-1 - Pool stats (total=10, active=0, idle=10, waiting=0)
[37m2023-06-11T15:07:44.352+0530[0;39m [39mDEBUG[0;39m [[36mtraceId: [0;39m] [[36msourceIp: [0;39m] [[36muserId: [0;39m] [[32mHikariPool-1 housekeeper[0;39m] [33mc.z.h.p.HikariPool[0;39m::[35m?[0;39m: - HikariPool-1 - Fill pool skipped, pool is at sufficient level.
[37m2023-06-11T15:08:14.362+0530[0;39m [39mDEBUG[0;39m [[36mtraceId: [0;39m] [[36msourceIp: [0;39m] [[36muserId: [0;39m] [[32mHikariPool-1 housekeeper[0;39m] [33mc.z.h.p.HikariPool[0;39m::[35m?[0;39m: - HikariPool-1 - Pool stats (total=10, active=0, idle=10, waiting=0)
[37m2023-06-11T15:08:14.362+0530[0;39m [39mDEBUG[0;39m [[36mtraceId: [0;39m] [[36msourceIp: [0;39m] [[36muserId: [0;39m] [[32mHikariPool-1 housekeeper[0;39m] [33mc.z.h.p.HikariPool[0;39m::[35m?[0;39m: - HikariPool-1 - Fill pool skipped, pool is at sufficient level.
[37m2023-06-11T15:08:44.368+0530[0;39m [39mDEBUG[0;39m [[36mtraceId: [0;39m] [[36msourceIp: [0;39m] [[36muserId: [0;39m] [[32mHikariPool-1 housekeeper[0;39m] [33mc.z.h.p.HikariPool[0;39m::[35m?[0;39m: - HikariPool-1 - Pool stats (total=10, active=0, idle=10, waiting=0)
[37m2023-06-11T15:08:44.368+0530[0;39m [39mDEBUG[0;39m [[36mtraceId: [0;39m] [[36msourceIp: [0;39m] [[36muserId: [0;39m] [[32mHikariPool-1 housekeeper[0;39m] [33mc.z.h.p.HikariPool[0;39m::[35m?[0;39m: - HikariPool-1 - Fill pool skipped, pool is at sufficient level.
[37m2023-06-11T15:09:14.383+0530[0;39m [39mDEBUG[0;39m [[36mtraceId: [0;39m] [[36msourceIp: [0;39m] [[36muserId: [0;39m] [[32mHikariPool-1 housekeeper[0;39m] [33mc.z.h.p.HikariPool[0;39m::[35m?[0;39m: - HikariPool-1 - Pool stats (total=10, active=0, idle=10, waiting=0)
[37m2023-06-11T15:09:14.383+0530[0;39m [39mDEBUG[0;39m [[36mtraceId: [0;39m] [[36msourceIp: [0;39m] [[36muserId: [0;39m] [[32mHikariPool-1 housekeeper[0;39m] [33mc.z.h.p.HikariPool[0;39m::[35m?[0;39m: - HikariPool-1 - Fill pool skipped, pool is at sufficient level.
[37m2023-06-11T15:09:24.609+0530[0;39m [34mINFO [0;39m [[36mtraceId: [0;39m] [[36msourceIp: [0;39m] [[36muserId: [0;39m] [[32mSpringApplicationShutdownHook[0;39m] [33mo.s.o.j.LocalContainerEntityManagerFactoryBean[0;39m::[35m?[0;39m: - Closing JPA EntityManagerFactory for persistence unit 'default'
[37m2023-06-11T15:09:24.649+0530[0;39m [34mINFO [0;39m [[36mtraceId: [0;39m] [[36msourceIp: [0;39m] [[36muserId: [0;39m] [[32mSpringApplicationShutdownHook[0;39m] [33mc.z.h.HikariDataSource[0;39m::[35m?[0;39m: - HikariPool-1 - Shutdown initiated...
[37m2023-06-11T15:09:24.649+0530[0;39m [39mDEBUG[0;39m [[36mtraceId: [0;39m] [[36msourceIp: [0;39m] [[36muserId: [0;39m] [[32mSpringApplicationShutdownHook[0;39m] [33mc.z.h.p.HikariPool[0;39m::[35m?[0;39m: - HikariPool-1 - Before shutdown stats (total=10, active=0, idle=10, waiting=0)
[37m2023-06-11T15:09:24.680+0530[0;39m [39mDEBUG[0;39m [[36mtraceId: [0;39m] [[36msourceIp: [0;39m] [[36muserId: [0;39m] [[32mHikariPool-1 connection closer[0;39m] [33mc.z.h.pool.PoolBase[0;39m::[35m?[0;39m: - HikariPool-1 - Closing connection com.mysql.cj.jdbc.ConnectionImpl@37af71fd: (connection evicted)
[37m2023-06-11T15:09:24.801+0530[0;39m [39mDEBUG[0;39m [[36mtraceId: [0;39m] [[36msourceIp: [0;39m] [[36muserId: [0;39m] [[32mHikariPool-1 connection closer[0;39m] [33mc.z.h.pool.PoolBase[0;39m::[35m?[0;39m: - HikariPool-1 - Closing connection com.mysql.cj.jdbc.ConnectionImpl@371a1846: (connection evicted)
[37m2023-06-11T15:09:24.816+0530[0;39m [39mDEBUG[0;39m [[36mtraceId: [0;39m] [[36msourceIp: [0;39m] [[36muserId: [0;39m] [[32mHikariPool-1 connection closer[0;39m] [33mc.z.h.pool.PoolBase[0;39m::[35m?[0;39m: - HikariPool-1 - Closing connection com.mysql.cj.jdbc.ConnectionImpl@5735e709: (connection evicted)
[37m2023-06-11T15:09:24.820+0530[0;39m [39mDEBUG[0;39m [[36mtraceId: [0;39m] [[36msourceIp: [0;39m] [[36muserId: [0;39m] [[32mHikariPool-1 connection closer[0;39m] [33mc.z.h.pool.PoolBase[0;39m::[35m?[0;39m: - HikariPool-1 - Closing connection com.mysql.cj.jdbc.ConnectionImpl@4bef5260: (connection evicted)
[37m2023-06-11T15:09:24.823+0530[0;39m [39mDEBUG[0;39m [[36mtraceId: [0;39m] [[36msourceIp: [0;39m] [[36muserId: [0;39m] [[32mHikariPool-1 connection closer[0;39m] [33mc.z.h.pool.PoolBase[0;39m::[35m?[0;39m: - HikariPool-1 - Closing connection com.mysql.cj.jdbc.ConnectionImpl@537b5c9d: (connection evicted)
[37m2023-06-11T15:09:24.827+0530[0;39m [39mDEBUG[0;39m [[36mtraceId: [0;39m] [[36msourceIp: [0;39m] [[36muserId: [0;39m] [[32mHikariPool-1 connection closer[0;39m] [33mc.z.h.pool.PoolBase[0;39m::[35m?[0;39m: - HikariPool-1 - Closing connection com.mysql.cj.jdbc.ConnectionImpl@22ca9536: (connection evicted)
[37m2023-06-11T15:09:24.830+0530[0;39m [39mDEBUG[0;39m [[36mtraceId: [0;39m] [[36msourceIp: [0;39m] [[36muserId: [0;39m] [[32mHikariPool-1 connection closer[0;39m] [33mc.z.h.pool.PoolBase[0;39m::[35m?[0;39m: - HikariPool-1 - Closing connection com.mysql.cj.jdbc.ConnectionImpl@77544aff: (connection evicted)
[37m2023-06-11T15:09:24.835+0530[0;39m [39mDEBUG[0;39m [[36mtraceId: [0;39m] [[36msourceIp: [0;39m] [[36muserId: [0;39m] [[32mHikariPool-1 connection closer[0;39m] [33mc.z.h.pool.PoolBase[0;39m::[35m?[0;39m: - HikariPool-1 - Closing connection com.mysql.cj.jdbc.ConnectionImpl@172a4c2b: (connection evicted)
[37m2023-06-11T15:09:24.837+0530[0;39m [39mDEBUG[0;39m [[36mtraceId: [0;39m] [[36msourceIp: [0;39m] [[36muserId: [0;39m] [[32mHikariPool-1 connection closer[0;39m] [33mc.z.h.pool.PoolBase[0;39m::[35m?[0;39m: - HikariPool-1 - Closing connection com.mysql.cj.jdbc.ConnectionImpl@4b0ac841: (connection evicted)
[37m2023-06-11T15:09:24.839+0530[0;39m [39mDEBUG[0;39m [[36mtraceId: [0;39m] [[36msourceIp: [0;39m] [[36muserId: [0;39m] [[32mHikariPool-1 connection closer[0;39m] [33mc.z.h.pool.PoolBase[0;39m::[35m?[0;39m: - HikariPool-1 - Closing connection com.mysql.cj.jdbc.ConnectionImpl@2bf46bd4: (connection evicted)
[37m2023-06-11T15:09:24.845+0530[0;39m [39mDEBUG[0;39m [[36mtraceId: [0;39m] [[36msourceIp: [0;39m] [[36muserId: [0;39m] [[32mSpringApplicationShutdownHook[0;39m] [33mc.z.h.p.HikariPool[0;39m::[35m?[0;39m: - HikariPool-1 - After shutdown stats (total=0, active=0, idle=0, waiting=0)
[37m2023-06-11T15:09:24.845+0530[0;39m [34mINFO [0;39m [[36mtraceId: [0;39m] [[36msourceIp: [0;39m] [[36muserId: [0;39m] [[32mSpringApplicationShutdownHook[0;39m] [33mc.z.h.HikariDataSource[0;39m::[35m?[0;39m: - HikariPool-1 - Shutdown completed.
